<?xml version="1.0" encoding="UTF-8"?>
<!-- Generated by org.testng.reporters.JUnitXMLReporter -->
<testsuite ignored="0" hostname="DESKTOP-3LKDKLS" failures="0" tests="4" name="Surefire test" time="0.547" errors="0" timestamp="2023-07-29T07:57:23 CEST">
  <testcase classname="testLayer.LoginTest" name="@BeforeMethod initSetup" time="-1.690610243453E9">
    <failure type="org.testng.TestNGException" message="
Parameter &amp;apos;browserName&amp;apos; is required by BeforeMethod on method initSetup but has not been marked @Optional or defined
">
      <![CDATA[org.testng.TestNGException: 
Parameter 'browserName' is required by BeforeMethod on method initSetup but has not been marked @Optional or defined

at java.base/java.util.ArrayList.forEach(ArrayList.java:1511)
... Removed 33 stack frames]]>
    </failure>
  </testcase> <!-- @BeforeMethod initSetup -->
  <testcase classname="testLayer.LoginTest" name="@AfterMethod clos" time="0.0">
    <skipped/>
  </testcase> <!-- @AfterMethod clos -->
  <testcase classname="testLayer.LoginTest" name="@BeforeMethod initSetup" time="0.0">
    <skipped/>
  </testcase> <!-- @BeforeMethod initSetup -->
  <testcase classname="testLayer.LoginTest" name="@AfterMethod clos" time="0.0">
    <skipped/>
  </testcase> <!-- @AfterMethod clos -->
  <testcase classname="testLayer.LoginTest" name="@BeforeMethod initSetup" time="0.0">
    <skipped/>
  </testcase> <!-- @BeforeMethod initSetup -->
  <testcase classname="testLayer.LoginTest" name="@AfterMethod clos" time="0.0">
    <skipped/>
  </testcase> <!-- @AfterMethod clos -->
  <testcase classname="testLayer.LoginTest" name="@BeforeMethod initSetup" time="0.0">
    <skipped/>
  </testcase> <!-- @BeforeMethod initSetup -->
  <testcase classname="testLayer.LoginTest" name="@AfterMethod clos" time="0.0">
    <skipped/>
  </testcase> <!-- @AfterMethod clos -->
  <testcase classname="testLayer.LoginTest" name="validateTitle" time="0.001">
    <skipped/>
  </testcase> <!-- validateTitle -->
  <testcase classname="testLayer.LoginTest" name="Login" time="0.0">
    <skipped/>
  </testcase> <!-- Login -->
  <testcase classname="testLayer.LoginTest" name="Login" time="0.001">
    <skipped/>
  </testcase> <!-- Login -->
  <testcase classname="testLayer.LoginTest" name="Login" time="0.0">
    <skipped/>
  </testcase> <!-- Login -->
</testsuite> <!-- Surefire test -->
