<?xml version="1.0" encoding="UTF-8"?>
<!-- Generated by org.testng.reporters.JUnitXMLReporter -->
<testsuite ignored="0" hostname="DESKTOP-3LKDKLS" failures="0" tests="4" name="ChromeTest" time="43.783" errors="0" timestamp="2023-06-07T11:44:55 CEST">
  <testcase classname="testLayer.LoginTest" name="validateTitle" time="0.01"/>
  <testcase classname="testLayer.LoginTest" name="Login" time="5.145"/>
  <testcase classname="testLayer.LoginTest" name="Login" time="4.699"/>
  <testcase classname="testLayer.LoginTest" name="Login" time="4.667"/>
</testsuite> <!-- ChromeTest -->
