<?xml version="1.0" encoding="UTF-8"?>
<!-- Generated by org.testng.reporters.JUnitXMLReporter -->
<testsuite ignored="0" hostname="DESKTOP-3LKDKLS" failures="0" tests="4" name="LoginHRM" time="43.334" errors="0" timestamp="2023-06-07T11:47:49 CEST">
  <testcase classname="testLayer.LoginTest" name="validateTitle" time="0.009"/>
  <testcase classname="testLayer.LoginTest" name="Login" time="5.146"/>
  <testcase classname="testLayer.LoginTest" name="Login" time="4.694"/>
  <testcase classname="testLayer.LoginTest" name="Login" time="4.691"/>
</testsuite> <!-- LoginHRM -->
