<?xml version="1.0" encoding="UTF-8"?>
<!-- Generated by org.testng.reporters.JUnitXMLReporter -->
<testsuite ignored="0" hostname="DESKTOP-3LKDKLS" failures="0" tests="4" name="LoginHRM_Edge" time="51.364" errors="0" timestamp="2023-07-13T12:00:41 CEST">
  <testcase classname="testLayer.LoginTest" name="validateTitle" time="0.008"/>
  <testcase classname="testLayer.LoginTest" name="Login" time="6.294"/>
  <testcase classname="testLayer.LoginTest" name="Login" time="6.286"/>
  <testcase classname="testLayer.LoginTest" name="Login" time="6.78"/>
</testsuite> <!-- LoginHRM_Edge -->
