<?xml version="1.0" encoding="UTF-8"?>
<!-- Generated by org.testng.reporters.JUnitXMLReporter -->
<testsuite ignored="0" hostname="DESKTOP-3LKDKLS" failures="0" tests="4" name="LoginHRM_Edge" time="7.118" errors="0" timestamp="2023-06-07T12:16:59 CEST">
  <testcase classname="testLayer.LoginTest" name="validateTitle" time="0.0">
    <skipped/>
  </testcase> <!-- validateTitle -->
  <testcase classname="testLayer.LoginTest" name="Login" time="0.0">
    <skipped/>
  </testcase> <!-- Login -->
  <testcase classname="testLayer.LoginTest" name="Login" time="0.0">
    <skipped/>
  </testcase> <!-- Login -->
  <testcase classname="testLayer.LoginTest" name="Login" time="0.0">
    <skipped/>
  </testcase> <!-- Login -->
</testsuite> <!-- LoginHRM_Edge -->
