<?xml version="1.0" encoding="UTF-8"?>
<!-- Generated by org.testng.reporters.JUnitXMLReporter -->
<testsuite ignored="0" hostname="DESKTOP-3LKDKLS" failures="0" tests="4" name="LoginHRM_Firefox" time="20.684" errors="0" timestamp="2023-07-13T12:02:04 CEST">
  <testcase classname="testLayer.LoginTest" name="@BeforeMethod initSetup" time="20.577">
    <failure type="org.openqa.selenium.SessionNotCreatedException" message="Could not start a new session. Possible causes are invalid address of the remote server or browser start-up failure. 
Host info: host: &amp;apos;DESKTOP-3LKDKLS&amp;apos;, ip: &amp;apos;188.120.171.114&amp;apos;">
      <![CDATA[org.openqa.selenium.SessionNotCreatedException: Could not start a new session. Possible causes are invalid address of the remote server or browser start-up failure. 
Host info: host: 'DESKTOP-3LKDKLS', ip: '188.120.171.114'
at org.openqa.selenium.remote.RemoteWebDriver.execute(RemoteWebDriver.java:561)
at org.openqa.selenium.remote.RemoteWebDriver.startSession(RemoteWebDriver.java:229)
at org.openqa.selenium.remote.RemoteWebDriver.<init>(RemoteWebDriver.java:157)
at org.openqa.selenium.firefox.FirefoxDriver.<init>(FirefoxDriver.java:150)
at org.openqa.selenium.firefox.FirefoxDriver.<init>(FirefoxDriver.java:146)
at org.openqa.selenium.firefox.FirefoxDriver.<init>(FirefoxDriver.java:131)
at org.openqa.selenium.firefox.FirefoxDriver.<init>(FirefoxDriver.java:127)
at org.openqa.selenium.firefox.FirefoxDriver.<init>(FirefoxDriver.java:112)
at org.openqa.selenium.firefox.FirefoxDriver.<init>(FirefoxDriver.java:102)
at basePackege.BaseHRMClass.intiation(BaseHRMClass.java:53)
at testLayer.LoginTest.initSetup(LoginTest.java:29)
at java.base/java.util.ArrayList.forEach(ArrayList.java:1511)
at java.base/java.util.concurrent.FutureTask.run(FutureTask.java:264)
at java.base/java.util.concurrent.ThreadPoolExecutor.runWorker(ThreadPoolExecutor.java:1136)
at java.base/java.util.concurrent.ThreadPoolExecutor$Worker.run(ThreadPoolExecutor.java:635)
at java.base/java.lang.Thread.run(Thread.java:833)
Caused by: org.openqa.selenium.WebDriverException: Timed out waiting for driver process to start.
Build info: version: '4.9.1', revision: 'eb2032df7f'
System info: os.name: 'Windows 11', os.arch: 'amd64', os.version: '10.0', java.version: '17.0.6'
Driver info: driver.version: FirefoxDriver
at org.openqa.selenium.remote.service.DriverService.start(DriverService.java:216)
at org.openqa.selenium.remote.service.DriverCommandExecutor.execute(DriverCommandExecutor.java:114)
at org.openqa.selenium.remote.RemoteWebDriver.execute(RemoteWebDriver.java:543)
... 36 more
... Removed 21 stack frames]]>
    </failure>
  </testcase> <!-- @BeforeMethod initSetup -->
  <testcase classname="testLayer.LoginTest" name="@AfterMethod clos" time="0.0">
    <skipped/>
  </testcase> <!-- @AfterMethod clos -->
  <testcase classname="testLayer.LoginTest" name="@BeforeMethod initSetup" time="0.0">
    <skipped/>
  </testcase> <!-- @BeforeMethod initSetup -->
  <testcase classname="testLayer.LoginTest" name="@AfterMethod clos" time="0.0">
    <skipped/>
  </testcase> <!-- @AfterMethod clos -->
  <testcase classname="testLayer.LoginTest" name="@BeforeMethod initSetup" time="0.0">
    <skipped/>
  </testcase> <!-- @BeforeMethod initSetup -->
  <testcase classname="testLayer.LoginTest" name="@AfterMethod clos" time="0.0">
    <skipped/>
  </testcase> <!-- @AfterMethod clos -->
  <testcase classname="testLayer.LoginTest" name="@BeforeMethod initSetup" time="0.0">
    <skipped/>
  </testcase> <!-- @BeforeMethod initSetup -->
  <testcase classname="testLayer.LoginTest" name="@AfterMethod clos" time="0.0">
    <skipped/>
  </testcase> <!-- @AfterMethod clos -->
  <testcase classname="testLayer.LoginTest" name="validateTitle" time="0.0">
    <skipped/>
  </testcase> <!-- validateTitle -->
  <testcase classname="testLayer.LoginTest" name="Login" time="0.0">
    <skipped/>
  </testcase> <!-- Login -->
  <testcase classname="testLayer.LoginTest" name="Login" time="0.0">
    <skipped/>
  </testcase> <!-- Login -->
  <testcase classname="testLayer.LoginTest" name="Login" time="0.0">
    <skipped/>
  </testcase> <!-- Login -->
</testsuite> <!-- LoginHRM_Firefox -->
