<?xml version="1.0" encoding="UTF-8"?>
<!-- Generated by org.testng.reporters.JUnitXMLReporter -->
<testsuite ignored="0" hostname="DESKTOP-3LKDKLS" failures="0" tests="4" name="LoginHRM_Chrome" time="30.417" errors="0" timestamp="2023-07-13T09:55:03 CEST">
  <testcase classname="testLayer.LoginTest" name="validateTitle" time="0.014"/>
  <testcase classname="testLayer.LoginTest" name="Login" time="4.188"/>
  <testcase classname="testLayer.LoginTest" name="Login" time="4.643"/>
  <testcase classname="testLayer.LoginTest" name="Login" time="4.175"/>
</testsuite> <!-- LoginHRM_Chrome -->
