<?xml version="1.0" encoding="UTF-8"?>
<!-- Generated by org.testng.reporters.JUnitXMLReporter -->
<testsuite ignored="0" hostname="DESKTOP-3LKDKLS" failures="0" tests="4" name="Default test" time="43.8" errors="0" timestamp="2023-06-07T10:40:47 CEST">
  <testcase classname="testLayer.LoginTest" name="validateTitle" time="0.009"/>
  <testcase classname="testLayer.LoginTest" name="Login" time="5.179"/>
  <testcase classname="testLayer.LoginTest" name="Login" time="4.638"/>
  <testcase classname="testLayer.LoginTest" name="Login" time="4.673"/>
</testsuite> <!-- Default test -->
