<?xml version="1.0" encoding="UTF-8"?>
<testng-results ignored="0" total="1" passed="1" failed="0" skipped="0">
  <reporter-output>
  </reporter-output>
  <suite started-at="2023-06-05T21:14:41 CEST" name="testLayer.LoginTest" finished-at="2023-06-05T21:14:47 CEST" duration-ms="5478">
    <groups>
    </groups>
    <test started-at="2023-06-05T21:14:41 CEST" name="Command line test" finished-at="2023-06-05T21:14:47 CEST" duration-ms="5478">
      <class name="testLayer.LoginTest">
        <test-method is-config="true" signature="initSetup()[pri:0, instance:testLayer.LoginTest@58a9760d]" started-at="2023-06-05T21:14:41 CEST" name="initSetup" finished-at="2023-06-05T21:14:46 CEST" duration-ms="4558" status="PASS">
          <reporter-output>
          </reporter-output>
        </test-method> <!-- initSetup -->
        <test-method signature="validateTitle()[pri:0, instance:testLayer.LoginTest@58a9760d]" started-at="2023-06-05T21:14:46 CEST" name="validateTitle" finished-at="2023-06-05T21:14:46 CEST" duration-ms="5" status="PASS">
          <reporter-output>
          </reporter-output>
        </test-method> <!-- validateTitle -->
        <test-method is-config="true" signature="clos()[pri:0, instance:testLayer.LoginTest@58a9760d]" started-at="2023-06-05T21:14:46 CEST" name="clos" finished-at="2023-06-05T21:14:47 CEST" duration-ms="879" status="PASS">
          <reporter-output>
          </reporter-output>
        </test-method> <!-- clos -->
      </class> <!-- testLayer.LoginTest -->
    </test> <!-- Command line test -->
  </suite> <!-- testLayer.LoginTest -->
</testng-results>
